# JRE version: OpenJDK Runtime Environment (17.0.2+8) (build 17.0.2+8-86)
# Java VM: OpenJDK 64-Bit Server VM (17.0.2+8-86, mixed mode, sharing, tiered, compressed oops, compressed class ptrs, g1 gc, windows-amd64)
GC Precious Log:
 CPUs: 8 total, 8 available
 Memory: 8025M
 Large Page Support: Disabled
 NUMA Support: Disabled
 Compressed Oops: Enabled (32-bit)
 Heap Region Size: 1M
 Heap Min Capacity: 256M
 Heap Initial Capacity: 256M
 Heap Max Capacity: 512M
 Pre-touch: Disabled
 Parallel Workers: 8
 Concurrent Workers: 2
 Concurrent Refinement Workers: 8
 Periodic GC: Disabled
Heap:
 garbage-first heap   total 262144K, used 128814K [0x00000000e0000000, 0x0000000100000000)
  region size 1024K, 25 young (25600K), 13 survivors (13312K)
 Metaspace       used 63439K, committed 64768K, reserved 372736K
  class space    used 8645K, committed 9280K, reserved 315392K
GC Heap History (20 events):
Event: 1478.734 GC heap before
{Heap before GC invocations=33 (full 0):
 garbage-first heap   total 262144K, used 206646K [0x00000000e0000000, 0x0000000100000000)
  region size 1024K, 125 young (128000K), 9 survivors (9216K)
 Metaspace       used 63271K, committed 64576K, reserved 372736K
  class space    used 8643K, committed 9280K, reserved 315392K
}
Event: 1478.774 GC heap after
{Heap after GC invocations=34 (full 0):
 garbage-first heap   total 262144K, used 85262K [0x00000000e0000000, 0x0000000100000000)
  region size 1024K, 5 young (5120K), 5 survivors (5120K)
 Metaspace       used 63271K, committed 64576K, reserved 372736K
  class space    used 8643K, committed 9280K, reserved 315392K
}
Event: 1577.649 GC heap before
{Heap before GC invocations=34 (full 0):
 garbage-first heap   total 262144K, used 211214K [0x00000000e0000000, 0x0000000100000000)
  region size 1024K, 128 young (131072K), 5 survivors (5120K)
 Metaspace       used 63299K, committed 64576K, reserved 372736K
  class space    used 8643K, committed 9280K, reserved 315392K
}
Event: 1577.764 GC heap after
{Heap after GC invocations=35 (full 0):
 garbage-first heap   total 262144K, used 81298K [0x00000000e0000000, 0x0000000100000000)
  region size 1024K, 2 young (2048K), 2 survivors (2048K)
 Metaspace       used 63299K, committed 64576K, reserved 372736K
  class space    used 8643K, committed 9280K, reserved 315392K
}
Event: 1582.001 GC heap before
{Heap before GC invocations=35 (full 0):
 garbage-first heap   total 262144K, used 108946K [0x00000000e0000000, 0x0000000100000000)
  region size 1024K, 30 young (30720K), 2 survivors (2048K)
 Metaspace       used 63330K, committed 64640K, reserved 372736K
  class space    used 8643K, committed 9280K, reserved 315392K
}
Event: 1582.030 GC heap after
{Heap after GC invocations=36 (full 0):
 garbage-first heap   total 262144K, used 84278K [0x00000000e0000000, 0x0000000100000000)
  region size 1024K, 4 young (4096K), 4 survivors (4096K)
 Metaspace       used 63330K, committed 64640K, reserved 372736K
  class space    used 8643K, committed 9280K, reserved 315392K
}
Event: 1582.786 GC heap before
{Heap before GC invocations=36 (full 0):
 garbage-first heap   total 262144K, used 111926K [0x00000000e0000000, 0x0000000100000000)
  region size 1024K, 32 young (32768K), 4 survivors (4096K)
 Metaspace       used 63330K, committed 64640K, reserved 372736K
  class space    used 8643K, committed 9280K, reserved 315392K
}
Event: 1582.801 GC heap after
{Heap after GC invocations=37 (full 0):
 garbage-first heap   total 262144K, used 87282K [0x00000000e0000000, 0x0000000100000000)
  region size 1024K, 4 young (4096K), 4 survivors (4096K)
 Metaspace       used 63330K, committed 64640K, reserved 372736K
  class space    used 8643K, committed 9280K, reserved 315392K
}
Event: 1583.430 GC heap before
{Heap before GC invocations=37 (full 0):
 garbage-first heap   total 262144K, used 114930K [0x00000000e0000000, 0x0000000100000000)
  region size 1024K, 31 young (31744K), 4 survivors (4096K)
 Metaspace       used 63330K, committed 64640K, reserved 372736K
  class space    used 8643K, committed 9280K, reserved 315392K
}
Event: 1583.445 GC heap after
{Heap after GC invocations=38 (full 0):
 garbage-first heap   total 262144K, used 90145K [0x00000000e0000000, 0x0000000100000000)
  region size 1024K, 3 young (3072K), 3 survivors (3072K)
 Metaspace       used 63330K, committed 64640K, reserved 372736K
  class space    used 8643K, committed 9280K, reserved 315392K
}
Event: 1584.353 GC heap before
{Heap before GC invocations=38 (full 0):
 garbage-first heap   total 262144K, used 131105K [0x00000000e0000000, 0x0000000100000000)
  region size 1024K, 43 young (44032K), 3 survivors (3072K)
 Metaspace       used 63330K, committed 64640K, reserved 372736K
  class space    used 8643K, committed 9280K, reserved 315392K
}
Event: 1584.376 GC heap after
{Heap after GC invocations=39 (full 0):
 garbage-first heap   total 262144K, used 94199K [0x00000000e0000000, 0x0000000100000000)
  region size 1024K, 6 young (6144K), 6 survivors (6144K)
 Metaspace       used 63330K, committed 64640K, reserved 372736K
  class space    used 8643K, committed 9280K, reserved 315392K
}
Event: 1613.625 GC heap before
{Heap before GC invocations=39 (full 0):
 garbage-first heap   total 262144K, used 127991K [0x00000000e0000000, 0x0000000100000000)
  region size 1024K, 39 young (39936K), 6 survivors (6144K)
 Metaspace       used 63356K, committed 64640K, reserved 372736K
  class space    used 8643K, committed 9280K, reserved 315392K
}
Event: 1613.670 GC heap after
{Heap after GC invocations=40 (full 0):
 garbage-first heap   total 262144K, used 96934K [0x00000000e0000000, 0x0000000100000000)
  region size 1024K, 3 young (3072K), 3 survivors (3072K)
 Metaspace       used 63356K, committed 64640K, reserved 372736K
  class space    used 8643K, committed 9280K, reserved 315392K
}
Event: 1615.690 GC heap before
{Heap before GC invocations=40 (full 0):
 garbage-first heap   total 262144K, used 176806K [0x00000000e0000000, 0x0000000100000000)
  region size 1024K, 81 young (82944K), 3 survivors (3072K)
 Metaspace       used 63383K, committed 64640K, reserved 372736K
  class space    used 8644K, committed 9280K, reserved 315392K
}
Event: 1615.721 GC heap after
{Heap after GC invocations=41 (full 0):
 garbage-first heap   total 262144K, used 104880K [0x00000000e0000000, 0x0000000100000000)
  region size 1024K, 11 young (11264K), 11 survivors (11264K)
 Metaspace       used 63383K, committed 64640K, reserved 372736K
  class space    used 8644K, committed 9280K, reserved 315392K
}
Event: 1615.937 GC heap before
{Heap before GC invocations=41 (full 0):
 garbage-first heap   total 262144K, used 139696K [0x00000000e0000000, 0x0000000100000000)
  region size 1024K, 45 young (46080K), 11 survivors (11264K)
 Metaspace       used 63383K, committed 64640K, reserved 372736K
  class space    used 8644K, committed 9280K, reserved 315392K
}
Event: 1615.976 GC heap after
{Heap after GC invocations=42 (full 0):
 garbage-first heap   total 262144K, used 109684K [0x00000000e0000000, 0x0000000100000000)
  region size 1024K, 5 young (5120K), 5 survivors (5120K)
 Metaspace       used 63383K, committed 64640K, reserved 372736K
  class space    used 8644K, committed 9280K, reserved 315392K
}
Event: 1690.867 GC heap before
{Heap before GC invocations=42 (full 0):
 garbage-first heap   total 262144K, used 202868K [0x00000000e0000000, 0x0000000100000000)
  region size 1024K, 97 young (99328K), 5 survivors (5120K)
 Metaspace       used 63439K, committed 64768K, reserved 372736K
  class space    used 8645K, committed 9280K, reserved 315392K
}
Event: 1690.949 GC heap after
{Heap after GC invocations=43 (full 0):
 garbage-first heap   total 262144K, used 117550K [0x00000000e0000000, 0x0000000100000000)
  region size 1024K, 13 young (13312K), 13 survivors (13312K)
 Metaspace       used 63439K, committed 64768K, reserved 372736K
  class space    used 8645K, committed 9280K, reserved 315392K
}

